Running: E:\ISE\14.7\ISE_DS\ISE\bin\nt\unwrapped\fuse.exe -intstyle ise -incremental -lib unisims_ver -lib unimacro_ver -lib xilinxcorelib_ver -lib secureip -o E:/FILES/ISE File/CPU/test_ri_isim_beh.exe -prj E:/FILES/ISE File/CPU/test_ri_beh.prj work.test_ri work.glbl 
ISim P.20131013 (signature 0x8ef4fb42)
Number of CPUs detected in this system: 8
Turning on mult-threading, number of parallel sub-compilation jobs: 16 
Determining compilation order of HDL files
Analyzing Verilog file "E:/FILES/ISE File/CPU/ipcore_dir/rom.v" into library work
Analyzing Verilog file "E:/FILES/ISE File/CPU/Reg.v" into library work
Analyzing Verilog file "E:/FILES/ISE File/CPU/pc.v" into library work
Analyzing Verilog file "E:/FILES/ISE File/CPU/ipcore_dir/ram.v" into library work
Analyzing Verilog file "E:/FILES/ISE File/CPU/analysis_inst.v" into library work
Analyzing Verilog file "E:/FILES/ISE File/CPU/ALU.v" into library work
Analyzing Verilog file "E:/FILES/ISE File/CPU/top.v" into library work
Analyzing Verilog file "E:/FILES/ISE File/CPU/test_ri.v" into library work
Analyzing Verilog file "E:/ISE/14.7/ISE_DS/ISE//verilog/src/glbl.v" into library work
Starting static elaboration
WARNING:HDLCompiler:1016 - "E:/FILES/ISE File/CPU/pc.v" Line 40: Port wea is not connected to this instance
Completed static elaboration
Fuse Memory Usage: 161696 KB
Fuse CPU Usage: 280 ms
Compiling module BLK_MEM_GEN_V7_3_output_stage(C_...
Compiling module BLK_MEM_GEN_V7_3_softecc_output_...
Compiling module BLK_MEM_GEN_V7_3_mem_module(C_CO...
Compiling module BLK_MEM_GEN_V7_3(C_FAMILY="spart...
Compiling module rom
Compiling module pc
Compiling module analysis
Compiling module reg1
Compiling module alu
Compiling module BLK_MEM_GEN_V7_3_mem_module(C_CO...
Compiling module BLK_MEM_GEN_V7_3(C_FAMILY="spart...
Compiling module ram
Compiling module top
Compiling module test_ri
Compiling module glbl
Time Resolution for simulation is 1ps.
Waiting for 1 sub-compilation(s) to finish...
Compiled 15 Verilog Units
Built simulation executable E:/FILES/ISE File/CPU/test_ri_isim_beh.exe
Fuse Memory Usage: 172168 KB
Fuse CPU Usage: 530 ms
