Running: E:\ISE\14.7\ISE_DS\ISE\bin\nt\unwrapped\fuse.exe -intstyle ise -incremental -lib unisims_ver -lib unimacro_ver -lib xilinxcorelib_ver -lib secureip -o E:/FILES/ISE File/MIPS_R_I_J/test10_isim_beh.exe -prj E:/FILES/ISE File/MIPS_R_I_J/test10_beh.prj work.test10 work.glbl 
ISim P.20131013 (signature 0x8ef4fb42)
Number of CPUs detected in this system: 8
Turning on mult-threading, number of parallel sub-compilation jobs: 16 
Determining compilation order of HDL files
Analyzing Verilog file "E:/FILES/ISE File/MIPS_R_I_J/ipcore_dir/rom.v" into library work
Analyzing Verilog file "E:/FILES/ISE File/MIPS_R_I_J/reg.v" into library work
Analyzing Verilog file "E:/FILES/ISE File/MIPS_R_I_J/pc.v" into library work
Analyzing Verilog file "E:/FILES/ISE File/MIPS_R_I_J/ipcore_dir/ram.v" into library work
Analyzing Verilog file "E:/FILES/ISE File/MIPS_R_I_J/analysis.v" into library work
Analyzing Verilog file "E:/FILES/ISE File/MIPS_R_I_J/alu.v" into library work
Analyzing Verilog file "E:/FILES/ISE File/MIPS_R_I_J/top.v" into library work
Analyzing Verilog file "E:/FILES/ISE File/MIPS_R_I_J/test10.v" into library work
Analyzing Verilog file "E:/ISE/14.7/ISE_DS/ISE//verilog/src/glbl.v" into library work
Starting static elaboration
WARNING:HDLCompiler:1016 - "E:/FILES/ISE File/MIPS_R_I_J/pc.v" Line 52: Port wea is not connected to this instance
Completed static elaboration
Fuse Memory Usage: 161760 KB
Fuse CPU Usage: 358 ms
Compiling module BLK_MEM_GEN_V7_3_output_stage(C_...
Compiling module BLK_MEM_GEN_V7_3_softecc_output_...
Compiling module BLK_MEM_GEN_V7_3_mem_module(C_CO...
Compiling module BLK_MEM_GEN_V7_3(C_FAMILY="spart...
Compiling module rom
Compiling module pc
Compiling module analysis
Compiling module register
Compiling module alu
Compiling module BLK_MEM_GEN_V7_3_mem_module(C_CO...
Compiling module BLK_MEM_GEN_V7_3(C_FAMILY="spart...
Compiling module ram
Compiling module top
Compiling module test10
Compiling module glbl
Time Resolution for simulation is 1ps.
Waiting for 1 sub-compilation(s) to finish...
Compiled 15 Verilog Units
Built simulation executable E:/FILES/ISE File/MIPS_R_I_J/test10_isim_beh.exe
Fuse Memory Usage: 173256 KB
Fuse CPU Usage: 624 ms
