Release 14.7 - xst P.20131013 (nt)
Copyright (c) 1995-2013 Xilinx, Inc.  All rights reserved.
--> Parameter TMPDIR set to xst/projnav.tmp


Total REAL time to Xst completion: 0.00 secs
Total CPU time to Xst completion: 0.11 secs
 
--> Parameter xsthdpdir set to xst


Total REAL time to Xst completion: 0.00 secs
Total CPU time to Xst completion: 0.11 secs
 
--> Reading design: mips_control.prj

TABLE OF CONTENTS
  1) Synthesis Options Summary
  2) HDL Parsing
  3) HDL Elaboration
  4) HDL Synthesis
       4.1) HDL Synthesis Report
  5) Advanced HDL Synthesis
       5.1) Advanced HDL Synthesis Report
  6) Low Level Synthesis
  7) Partition Report
  8) Design Summary
       8.1) Primitive and Black Box Usage
       8.2) Device utilization summary
       8.3) Partition Resource Summary
       8.4) Timing Report
            8.4.1) Clock Information
            8.4.2) Asynchronous Control Signals Information
            8.4.3) Timing Summary
            8.4.4) Timing Details
            8.4.5) Cross Clock Domains Report


=========================================================================
*                      Synthesis Options Summary                        *
=========================================================================
---- Source Parameters
Input File Name                    : "mips_control.prj"
Ignore Synthesis Constraint File   : NO

---- Target Parameters
Output File Name                   : "mips_control"
Output Format                      : NGC
Target Device                      : xa7a100t-2I-csg324

---- Source Options
Top Module Name                    : mips_control
Automatic FSM Extraction           : YES
FSM Encoding Algorithm             : Auto
Safe Implementation                : No
FSM Style                          : LUT
RAM Extraction                     : Yes
RAM Style                          : Auto
ROM Extraction                     : Yes
Shift Register Extraction          : YES
ROM Style                          : Auto
Resource Sharing                   : YES
Asynchronous To Synchronous        : NO
Shift Register Minimum Size        : 2
Use DSP Block                      : Auto
Automatic Register Balancing       : No

---- Target Options
LUT Combining                      : Auto
Reduce Control Sets                : Auto
Add IO Buffers                     : YES
Global Maximum Fanout              : 100000
Add Generic Clock Buffer(BUFG)     : 32
Register Duplication               : YES
Optimize Instantiated Primitives   : NO
Use Clock Enable                   : Auto
Use Synchronous Set                : Auto
Use Synchronous Reset              : Auto
Pack IO Registers into IOBs        : Auto
Equivalent register Removal        : YES

---- General Options
Optimization Goal                  : Speed
Optimization Effort                : 1
Power Reduction                    : NO
Keep Hierarchy                     : No
Netlist Hierarchy                  : As_Optimized
RTL Output                         : Yes
Global Optimization                : AllClockNets
Read Cores                         : YES
Write Timing Constraints           : NO
Cross Clock Analysis               : NO
Hierarchy Separator                : /
Bus Delimiter                      : <>
Case Specifier                     : Maintain
Slice Utilization Ratio            : 100
BRAM Utilization Ratio             : 100
DSP48 Utilization Ratio            : 100
Auto BRAM Packing                  : NO
Slice Utilization Ratio Delta      : 5

---- Other Options
Cores Search Directories           : {"ipcore_dir"  }

=========================================================================


=========================================================================
*                          HDL Parsing                                  *
=========================================================================
Analyzing Verilog file "E:\FILES\ISE File\MIPS_R\ipcore_dir\mips_inst_ipcore.v" into library work
Parsing module <mips_inst_ipcore>.
Analyzing Verilog file "E:\FILES\ISE File\MIPS_R\mips_inst.v" into library work
Parsing module <mips_inst>.
Analyzing Verilog file "E:\FILES\ISE File\MIPS_R\mips_decode.v" into library work
Parsing module <mips_decode>.
Analyzing Verilog file "E:\FILES\ISE File\MIPS_R\mips_control.v" into library work
Parsing module <mips_control>.
WARNING:HDLCompiler:98 - "E:\FILES\ISE File\MIPS_R\mips_control.v" Line 26: ALU_OP was previously declared with a range

=========================================================================
*                            HDL Elaboration                            *
=========================================================================
WARNING:HDLCompiler:1016 - "E:\FILES\ISE File\MIPS_R\mips_control.v" Line 28: Port Inst_code is not connected to this instance

Elaborating module <mips_control>.
WARNING:HDLCompiler:604 - "E:\FILES\ISE File\MIPS_R\mips_control.v" Line 28: Module instantiation should have an instance name
WARNING:HDLCompiler:1016 - "E:\FILES\ISE File\MIPS_R\mips_decode.v" Line 26: Port rst is not connected to this instance

Elaborating module <mips_decode>.
WARNING:HDLCompiler:604 - "E:\FILES\ISE File\MIPS_R\mips_decode.v" Line 26: Module instantiation should have an instance name
WARNING:HDLCompiler:1016 - "E:\FILES\ISE File\MIPS_R\mips_inst.v" Line 29: Port wea is not connected to this instance

Elaborating module <mips_inst>.

Elaborating module <mips_inst_ipcore>.
WARNING:HDLCompiler:1499 - "E:\FILES\ISE File\MIPS_R\ipcore_dir\mips_inst_ipcore.v" Line 39: Empty module <mips_inst_ipcore> remains a black box.
WARNING:HDLCompiler:552 - "E:\FILES\ISE File\MIPS_R\mips_inst.v" Line 29: Input port wea[0] is not connected on this instance
WARNING:HDLCompiler:552 - "E:\FILES\ISE File\MIPS_R\mips_decode.v" Line 26: Input port rst is not connected on this instance
WARNING:HDLCompiler:413 - "E:\FILES\ISE File\MIPS_R\mips_control.v" Line 38: Result of 3-bit expression is truncated to fit in 1-bit target.
WARNING:HDLCompiler:413 - "E:\FILES\ISE File\MIPS_R\mips_control.v" Line 39: Result of 3-bit expression is truncated to fit in 1-bit target.
WARNING:HDLCompiler:413 - "E:\FILES\ISE File\MIPS_R\mips_control.v" Line 42: Result of 2-bit expression is truncated to fit in 1-bit target.
WARNING:HDLCompiler:413 - "E:\FILES\ISE File\MIPS_R\mips_control.v" Line 43: Result of 2-bit expression is truncated to fit in 1-bit target.
WARNING:HDLCompiler:413 - "E:\FILES\ISE File\MIPS_R\mips_control.v" Line 44: Result of 3-bit expression is truncated to fit in 1-bit target.
WARNING:HDLCompiler:413 - "E:\FILES\ISE File\MIPS_R\mips_control.v" Line 45: Result of 3-bit expression is truncated to fit in 1-bit target.
WARNING:HDLCompiler:552 - "E:\FILES\ISE File\MIPS_R\mips_control.v" Line 28: Input port Inst_code[31] is not connected on this instance

=========================================================================
*                           HDL Synthesis                               *
=========================================================================

Synthesizing Unit <mips_control>.
    Related source file is "E:\FILES\ISE File\MIPS_R\mips_control.v".
WARNING:Xst:2898 - Port 'Inst_code', unconnected in block instance '_i000001', is tied to GND.
INFO:Xst:3210 - "E:\FILES\ISE File\MIPS_R\mips_control.v" line 28: Output port <rs_addr> of the instance <_i000001> is unconnected or connected to loadless signal.
INFO:Xst:3210 - "E:\FILES\ISE File\MIPS_R\mips_control.v" line 28: Output port <rt_addr> of the instance <_i000001> is unconnected or connected to loadless signal.
INFO:Xst:3210 - "E:\FILES\ISE File\MIPS_R\mips_control.v" line 28: Output port <rd_addr> of the instance <_i000001> is unconnected or connected to loadless signal.
INFO:Xst:3210 - "E:\FILES\ISE File\MIPS_R\mips_control.v" line 28: Output port <shamt> of the instance <_i000001> is unconnected or connected to loadless signal.
WARNING:Xst:737 - Found 1-bit latch for signal <ALU_OP>. Latches may be generated from incomplete case or if statements. We do not recommend the use of latches in FPGA/CPLD designs, as they may lead to timing problems.
    Summary:
	inferred   1 Latch(s).
Unit <mips_control> synthesized.

Synthesizing Unit <mips_decode>.
    Related source file is "E:\FILES\ISE File\MIPS_R\mips_decode.v".
WARNING:Xst:2898 - Port 'rst', unconnected in block instance '_i000001', is tied to GND.
WARNING:Xst:653 - Signal <op_code> is used but never assigned. This sourceless signal will be automatically connected to value GND.
WARNING:Xst:653 - Signal <func> is used but never assigned. This sourceless signal will be automatically connected to value GND.
WARNING:Xst:653 - Signal <rs_addr> is used but never assigned. This sourceless signal will be automatically connected to value GND.
WARNING:Xst:653 - Signal <rt_addr> is used but never assigned. This sourceless signal will be automatically connected to value GND.
WARNING:Xst:653 - Signal <rd_addr> is used but never assigned. This sourceless signal will be automatically connected to value GND.
WARNING:Xst:653 - Signal <shamt> is used but never assigned. This sourceless signal will be automatically connected to value GND.
    Summary:
	no macro.
Unit <mips_decode> synthesized.

Synthesizing Unit <mips_inst>.
    Related source file is "E:\FILES\ISE File\MIPS_R\mips_inst.v".
    Summary:
	no macro.
Unit <mips_inst> synthesized.

=========================================================================
HDL Synthesis Report

Macro Statistics
# Latches                                              : 1
 1-bit latch                                           : 1

=========================================================================

=========================================================================
*                       Advanced HDL Synthesis                          *
=========================================================================

WARNING:Xst - The specified part-type was not generated at build time. XST is loading the full part-type and will therefore consume more CPU and memory.
Loading device for application Rf_Device from file '7a100t.nph' in environment E:\ISE\14.7\ISE_DS\ISE\.
Reading core <ipcore_dir/mips_inst_ipcore.ngc>.
Loading core <mips_inst_ipcore> for timing and area information for instance <your_instance_name>.
Loading device for application Rf_Device from file '7a100t.nph' in environment E:\ISE\14.7\ISE_DS\ISE\.

=========================================================================
Advanced HDL Synthesis Report

Found no macro
=========================================================================

=========================================================================
*                         Low Level Synthesis                           *
=========================================================================

ERROR:Xst:528 - Multi-source in Unit <mips_control> on signal <op_code<5>>; this signal is connected to multiple drivers.
Drivers are: 
   Primary input port <op_code<5>>
   Dangling signal <_i000001/func<1>> in Unit <mips_decode> is tied to 0 by XST

ERROR:Xst:528 - Multi-source in Unit <mips_control> on signal <op_code<4>>; this signal is connected to multiple drivers.
Drivers are: 
   Primary input port <op_code<4>>
   Dangling signal <_i000001/func<1>> in Unit <mips_decode> is tied to 0 by XST

ERROR:Xst:528 - Multi-source in Unit <mips_control> on signal <op_code<3>>; this signal is connected to multiple drivers.
Drivers are: 
   Primary input port <op_code<3>>
   Dangling signal <_i000001/func<1>> in Unit <mips_decode> is tied to 0 by XST

ERROR:Xst:528 - Multi-source in Unit <mips_control> on signal <op_code<2>>; this signal is connected to multiple drivers.
Drivers are: 
   Primary input port <op_code<2>>
   Dangling signal <_i000001/func<1>> in Unit <mips_decode> is tied to 0 by XST

ERROR:Xst:528 - Multi-source in Unit <mips_control> on signal <op_code<1>>; this signal is connected to multiple drivers.
Drivers are: 
   Primary input port <op_code<1>>
   Dangling signal <_i000001/func<1>> in Unit <mips_decode> is tied to 0 by XST

ERROR:Xst:528 - Multi-source in Unit <mips_control> on signal <op_code<0>>; this signal is connected to multiple drivers.
Drivers are: 
   Primary input port <op_code<0>>
   Dangling signal <_i000001/func<1>> in Unit <mips_decode> is tied to 0 by XST

ERROR:Xst:528 - Multi-source in Unit <mips_control> on signal <func<5>>; this signal is connected to multiple drivers.
Drivers are: 
   Primary input port <func<5>>
   Dangling signal <_i000001/func<1>> in Unit <mips_decode> is tied to 0 by XST

ERROR:Xst:528 - Multi-source in Unit <mips_control> on signal <func<4>>; this signal is connected to multiple drivers.
Drivers are: 
   Primary input port <func<4>>
   Dangling signal <_i000001/func<1>> in Unit <mips_decode> is tied to 0 by XST

ERROR:Xst:528 - Multi-source in Unit <mips_control> on signal <func<3>>; this signal is connected to multiple drivers.
Drivers are: 
   Primary input port <func<3>>
   Dangling signal <_i000001/func<1>> in Unit <mips_decode> is tied to 0 by XST

ERROR:Xst:528 - Multi-source in Unit <mips_control> on signal <func<2>>; this signal is connected to multiple drivers.
Drivers are: 
   Primary input port <func<2>>
   Dangling signal <_i000001/func<1>> in Unit <mips_decode> is tied to 0 by XST

ERROR:Xst:528 - Multi-source in Unit <mips_control> on signal <func<1>>; this signal is connected to multiple drivers.
Drivers are: 
   Primary input port <func<1>>
   Dangling signal <_i000001/func<1>> in Unit <mips_decode> is tied to 0 by XST

ERROR:Xst:528 - Multi-source in Unit <mips_control> on signal <func<0>>; this signal is connected to multiple drivers.
Drivers are: 
   Primary input port <func<0>>
   Dangling signal <_i000001/func<1>> in Unit <mips_decode> is tied to 0 by XST


Total REAL time to Xst completion: 33.00 secs
Total CPU time to Xst completion: 32.59 secs
 
--> 

Total memory usage is 610720 kilobytes

Number of errors   :   12 (   0 filtered)
Number of warnings :   26 (   0 filtered)
Number of infos    :    4 (   0 filtered)

